Using device: cuda for training
GPU Memory: 31.7325439453125 GB
Dataset split: 3261 training, 1086 validation, 1086 test samples
Epoch 1/50 - Training Loss: 0.1065 - Validation Loss: 0.0731
New best model saved with validation loss: 0.0731
Epoch 2/50 - Training Loss: 0.0731 - Validation Loss: 0.0691
New best model saved with validation loss: 0.0691
Epoch 3/50 - Training Loss: 0.0657 - Validation Loss: 0.0630
New best model saved with validation loss: 0.0630
Epoch 4/50 - Training Loss: 0.0605 - Validation Loss: 0.0567
New best model saved with validation loss: 0.0567
Epoch 5/50 - Training Loss: 0.0561 - Validation Loss: 0.0525
New best model saved with validation loss: 0.0525
Epoch 6/50 - Training Loss: 0.0518 - Validation Loss: 0.0488
New best model saved with validation loss: 0.0488
Epoch 7/50 - Training Loss: 0.0481 - Validation Loss: 0.0456
New best model saved with validation loss: 0.0456
Epoch 8/50 - Training Loss: 0.0443 - Validation Loss: 0.0444
New best model saved with validation loss: 0.0444
Epoch 9/50 - Training Loss: 0.0420 - Validation Loss: 0.0406
New best model saved with validation loss: 0.0406
Epoch 10/50 - Training Loss: 0.0391 - Validation Loss: 0.0364
New best model saved with validation loss: 0.0364
Epoch 11/50 - Training Loss: 0.0360 - Validation Loss: 0.0360
New best model saved with validation loss: 0.0360
Epoch 12/50 - Training Loss: 0.0346 - Validation Loss: 0.0381
Epoch 13/50 - Training Loss: 0.0324 - Validation Loss: 0.0328
New best model saved with validation loss: 0.0328
Epoch 14/50 - Training Loss: 0.0306 - Validation Loss: 0.0334
Epoch 15/50 - Training Loss: 0.0295 - Validation Loss: 0.0326
New best model saved with validation loss: 0.0326
Epoch 16/50 - Training Loss: 0.0285 - Validation Loss: 0.0285
New best model saved with validation loss: 0.0285
Epoch 17/50 - Training Loss: 0.0273 - Validation Loss: 0.0246
New best model saved with validation loss: 0.0246
Epoch 18/50 - Training Loss: 0.0252 - Validation Loss: 0.0251
Epoch 19/50 - Training Loss: 0.0248 - Validation Loss: 0.0235
New best model saved with validation loss: 0.0235
Epoch 20/50 - Training Loss: 0.0228 - Validation Loss: 0.0236
Epoch 21/50 - Training Loss: 0.0223 - Validation Loss: 0.0213
New best model saved with validation loss: 0.0213
Epoch 22/50 - Training Loss: 0.0213 - Validation Loss: 0.0220
Epoch 23/50 - Training Loss: 0.0210 - Validation Loss: 0.0219
Epoch 24/50 - Training Loss: 0.0204 - Validation Loss: 0.0224
Epoch 25/50 - Training Loss: 0.0199 - Validation Loss: 0.0205
New best model saved with validation loss: 0.0205
Epoch 26/50 - Training Loss: 0.0195 - Validation Loss: 0.0203
New best model saved with validation loss: 0.0203
Epoch 27/50 - Training Loss: 0.0190 - Validation Loss: 0.0218
Epoch 28/50 - Training Loss: 0.0186 - Validation Loss: 0.0204
Epoch 29/50 - Training Loss: 0.0184 - Validation Loss: 0.0181
New best model saved with validation loss: 0.0181
Epoch 30/50 - Training Loss: 0.0177 - Validation Loss: 0.0218
Epoch 31/50 - Training Loss: 0.0172 - Validation Loss: 0.0185
Epoch 32/50 - Training Loss: 0.0166 - Validation Loss: 0.0178
New best model saved with validation loss: 0.0178
Epoch 33/50 - Training Loss: 0.0164 - Validation Loss: 0.0180
Epoch 34/50 - Training Loss: 0.0163 - Validation Loss: 0.0162
New best model saved with validation loss: 0.0162
Epoch 35/50 - Training Loss: 0.0160 - Validation Loss: 0.0163
Epoch 36/50 - Training Loss: 0.0152 - Validation Loss: 0.0146
New best model saved with validation loss: 0.0146
Epoch 37/50 - Training Loss: 0.0153 - Validation Loss: 0.0229
Epoch 38/50 - Training Loss: 0.0150 - Validation Loss: 0.0163
Epoch 39/50 - Training Loss: 0.0148 - Validation Loss: 0.0141
New best model saved with validation loss: 0.0141
Epoch 40/50 - Training Loss: 0.0141 - Validation Loss: 0.0153
Epoch 41/50 - Training Loss: 0.0147 - Validation Loss: 0.0150
Epoch 42/50 - Training Loss: 0.0137 - Validation Loss: 0.0150
Epoch 43/50 - Training Loss: 0.0139 - Validation Loss: 0.0135
New best model saved with validation loss: 0.0135
Epoch 44/50 - Training Loss: 0.0134 - Validation Loss: 0.0147
Epoch 45/50 - Training Loss: 0.0138 - Validation Loss: 0.0161
Epoch 46/50 - Training Loss: 0.0134 - Validation Loss: 0.0142
Epoch 47/50 - Training Loss: 0.0134 - Validation Loss: 0.0130
New best model saved with validation loss: 0.0130
Epoch 48/50 - Training Loss: 0.0129 - Validation Loss: 0.0135
Epoch 49/50 - Training Loss: 0.0129 - Validation Loss: 0.0137
Epoch 50/50 - Training Loss: 0.0130 - Validation Loss: 0.0135
Training complete. Best validation loss: 0.0130
